{"level":"info","message":"Servidor rodando na porta 3001","timestamp":"2024-11-29T10:05:23.673Z"}
{"level":"info","message":"Servidor rodando na porta 3001","timestamp":"2024-11-29T10:07:05.353Z"}
{"level":"info","message":"Servidor rodando na porta 3001","timestamp":"2024-11-29T10:11:30.969Z"}
{"level":"info","message":"Servidor rodando na porta 3001","timestamp":"2024-11-29T10:15:52.689Z"}
{"level":"info","message":"Servidor rodando na porta 3001","timestamp":"2024-11-29T10:21:12.815Z"}
{"level":"info","message":"Servidor rodando na porta 3001","timestamp":"2024-11-29T10:23:09.504Z"}
{"level":"info","message":"Servidor rodando na porta 3001","timestamp":"2024-11-29T10:23:34.381Z"}
{"level":"info","message":"Servidor rodando na porta 3001","timestamp":"2024-11-29T10:24:04.001Z"}
{"level":"info","message":"Servidor rodando na porta 3001","timestamp":"2024-11-29T10:26:46.878Z"}
{"level":"info","message":"Servidor rodando na porta 3001","timestamp":"2024-11-29T10:29:33.651Z"}
{"level":"info","message":"Servidor rodando na porta 3001","timestamp":"2024-11-29T10:32:18.662Z"}
{"level":"info","message":"Servidor rodando na porta 3001","timestamp":"2024-11-29T10:32:58.656Z"}
{"level":"info","message":"Servidor rodando na porta 3001","timestamp":"2024-11-29T10:35:34.086Z"}
{"level":"info","message":"Servidor rodando na porta 3001","timestamp":"2024-11-29T10:35:56.410Z"}
{"level":"info","message":"Servidor rodando na porta 3001","timestamp":"2024-11-29T10:42:33.044Z"}
{"level":"info","message":"Servidor rodando na porta 3001","timestamp":"2024-11-29T10:45:02.738Z"}
{"level":"info","message":"Servidor rodando na porta 3001","timestamp":"2024-11-29T10:46:29.909Z"}
{"level":"info","message":"Servidor rodando na porta 3001","timestamp":"2024-11-29T10:47:29.640Z"}
{"level":"info","message":"Servidor rodando na porta 3001","timestamp":"2024-11-29T10:49:26.046Z"}
{"level":"info","message":"Servidor rodando na porta 3001","timestamp":"2024-11-29T10:49:52.895Z"}
{"level":"info","message":"Servidor rodando na porta 3001","timestamp":"2024-11-29T10:52:32.428Z"}
{"level":"info","message":"Servidor rodando na porta 3001","timestamp":"2024-11-29T11:17:43.376Z"}
{"level":"info","message":"Servidor rodando na porta 3001","timestamp":"2024-11-30T12:21:18.290Z"}
{"level":"info","message":"Servidor rodando na porta 3001","timestamp":"2024-11-30T12:21:25.677Z"}
{"level":"info","message":"Servidor rodando na porta 3001","timestamp":"2024-11-30T12:44:07.954Z"}
{"level":"info","message":"Servidor rodando na porta 3001","timestamp":"2024-11-30T13:05:19.065Z"}
{"level":"info","message":"Servidor rodando na porta 3001","timestamp":"2024-11-30T13:12:00.650Z"}
{"level":"info","message":"Servidor rodando na porta 3001","timestamp":"2024-11-30T13:13:44.022Z"}
{"level":"info","message":"Servidor rodando na porta 3001","timestamp":"2024-11-30T13:15:11.126Z"}
{"level":"info","message":"Servidor rodando na porta 3001","timestamp":"2024-11-30T13:17:11.370Z"}
{"level":"info","message":"Servidor rodando na porta 3001","timestamp":"2024-11-30T13:33:36.827Z"}
{"level":"info","message":"Servidor rodando na porta 3001","timestamp":"2024-11-30T13:35:05.854Z"}
{"level":"info","message":"Servidor rodando na porta 3001","timestamp":"2024-11-30T13:37:12.214Z"}
{"level":"info","message":"Servidor rodando na porta 3001","timestamp":"2024-11-30T13:38:26.686Z"}
{"level":"info","message":"Servidor rodando na porta 3001","timestamp":"2024-11-30T13:44:56.040Z"}
{"level":"info","message":"Servidor rodando na porta 3001","timestamp":"2024-11-30T13:45:59.162Z"}
{"level":"info","message":"Servidor rodando na porta 3001","timestamp":"2024-11-30T13:46:11.778Z"}
{"level":"info","message":"Servidor rodando na porta 3001","timestamp":"2024-11-30T13:48:18.256Z"}
{"level":"info","message":"Servidor rodando na porta 3001","timestamp":"2024-11-30T13:52:18.325Z"}
{"level":"info","message":"Servidor rodando na porta 3001","timestamp":"2024-11-30T13:52:59.310Z"}
{"level":"info","message":"Servidor rodando na porta 3001","timestamp":"2024-11-30T13:53:35.640Z"}
{"level":"info","message":"Servidor rodando na porta 3001","timestamp":"2024-11-30T13:54:06.155Z"}
{"level":"info","message":"Servidor rodando na porta 3001","timestamp":"2024-11-30T13:55:17.959Z"}
{"level":"info","message":"Servidor rodando na porta 3001","timestamp":"2024-11-30T13:55:51.532Z"}
{"level":"info","message":"Servidor rodando na porta 3001","timestamp":"2024-11-30T13:58:19.065Z"}
{"level":"info","message":"Servidor rodando na porta 3001","timestamp":"2024-11-30T13:58:44.187Z"}
{"level":"info","message":"Servidor rodando na porta 3001","timestamp":"2024-11-30T13:59:13.268Z"}
{"level":"info","message":"Servidor rodando na porta 3001","timestamp":"2024-11-30T14:05:20.576Z"}
{"level":"info","message":"Servidor rodando na porta 3001","timestamp":"2024-11-30T14:05:27.246Z"}
{"level":"info","message":"Servidor rodando na porta 3001","timestamp":"2024-11-30T14:07:10.424Z"}
{"level":"info","message":"Servidor rodando na porta 3001","timestamp":"2024-11-30T14:08:49.154Z"}
{"level":"info","message":"Servidor rodando na porta 3001","timestamp":"2024-11-30T14:09:09.471Z"}
{"level":"info","message":"Servidor rodando na porta 3001","timestamp":"2024-11-30T14:09:20.778Z"}
{"level":"info","message":"Servidor rodando na porta 3001","timestamp":"2024-11-30T14:10:37.542Z"}
{"level":"info","message":"Servidor rodando na porta 3001","timestamp":"2024-11-30T14:11:52.283Z"}
{"level":"info","message":"Servidor rodando na porta 3001","timestamp":"2024-11-30T14:14:31.864Z"}
{"level":"info","message":"Servidor rodando na porta 3001","timestamp":"2024-11-30T14:16:43.203Z"}
{"error":"No token provided","level":"error","message":"Erro n達o tratado:","method":"GET","path":"/api-docs/","stack":"ApiError: No token provided\n    at Function.unauthorized (C:\\projects\\tedd\\src\\utils\\apiError.ts:22:12)\n    at authenticate (C:\\projects\\tedd\\src\\middlewares\\authMiddleware.ts:10:22)\n    at C:\\projects\\tedd\\node_modules\\@opentelemetry\\instrumentation-express\\src\\instrumentation.ts:224:27\n    at Layer.handle [as handle_request] (C:\\projects\\tedd\\node_modules\\express\\lib\\router\\layer.js:95:5)\n    at trim_prefix (C:\\projects\\tedd\\node_modules\\express\\lib\\router\\index.js:328:13)\n    at C:\\projects\\tedd\\node_modules\\express\\lib\\router\\index.js:286:9\n    at Function.process_params (C:\\projects\\tedd\\node_modules\\express\\lib\\router\\index.js:346:12)\n    at next (C:\\projects\\tedd\\node_modules\\express\\lib\\router\\index.js:280:10)\n    at jsonParser (C:\\projects\\tedd\\node_modules\\body-parser\\lib\\types\\json.js:113:7)\n    at C:\\projects\\tedd\\node_modules\\@opentelemetry\\instrumentation-express\\src\\instrumentation.ts:224:27","timestamp":"2024-11-30T14:16:48.205Z"}
{"error":"No token provided","level":"error","message":"Erro n達o tratado:","method":"GET","path":"/favicon.ico","stack":"ApiError: No token provided\n    at Function.unauthorized (C:\\projects\\tedd\\src\\utils\\apiError.ts:22:12)\n    at authenticate (C:\\projects\\tedd\\src\\middlewares\\authMiddleware.ts:10:22)\n    at C:\\projects\\tedd\\node_modules\\@opentelemetry\\instrumentation-express\\src\\instrumentation.ts:224:27\n    at Layer.handle [as handle_request] (C:\\projects\\tedd\\node_modules\\express\\lib\\router\\layer.js:95:5)\n    at trim_prefix (C:\\projects\\tedd\\node_modules\\express\\lib\\router\\index.js:328:13)\n    at C:\\projects\\tedd\\node_modules\\express\\lib\\router\\index.js:286:9\n    at Function.process_params (C:\\projects\\tedd\\node_modules\\express\\lib\\router\\index.js:346:12)\n    at next (C:\\projects\\tedd\\node_modules\\express\\lib\\router\\index.js:280:10)\n    at jsonParser (C:\\projects\\tedd\\node_modules\\body-parser\\lib\\types\\json.js:113:7)\n    at C:\\projects\\tedd\\node_modules\\@opentelemetry\\instrumentation-express\\src\\instrumentation.ts:224:27","timestamp":"2024-11-30T14:16:48.243Z"}
{"level":"info","message":"Servidor rodando na porta 3001","timestamp":"2024-11-30T14:17:58.278Z"}
{"error":"No token provided","level":"error","message":"Erro n達o tratado:","method":"GET","path":"/api-docs/","stack":"ApiError: No token provided\n    at Function.unauthorized (C:\\projects\\tedd\\src\\utils\\apiError.ts:22:12)\n    at authenticate (C:\\projects\\tedd\\src\\middlewares\\authMiddleware.ts:10:22)\n    at C:\\projects\\tedd\\node_modules\\@opentelemetry\\instrumentation-express\\src\\instrumentation.ts:224:27\n    at Layer.handle [as handle_request] (C:\\projects\\tedd\\node_modules\\express\\lib\\router\\layer.js:95:5)\n    at trim_prefix (C:\\projects\\tedd\\node_modules\\express\\lib\\router\\index.js:328:13)\n    at C:\\projects\\tedd\\node_modules\\express\\lib\\router\\index.js:286:9\n    at Function.process_params (C:\\projects\\tedd\\node_modules\\express\\lib\\router\\index.js:346:12)\n    at next (C:\\projects\\tedd\\node_modules\\express\\lib\\router\\index.js:280:10)\n    at jsonParser (C:\\projects\\tedd\\node_modules\\body-parser\\lib\\types\\json.js:113:7)\n    at C:\\projects\\tedd\\node_modules\\@opentelemetry\\instrumentation-express\\src\\instrumentation.ts:224:27","timestamp":"2024-11-30T14:18:01.295Z"}
{"error":"No token provided","level":"error","message":"Erro n達o tratado:","method":"GET","path":"/favicon.ico","stack":"ApiError: No token provided\n    at Function.unauthorized (C:\\projects\\tedd\\src\\utils\\apiError.ts:22:12)\n    at authenticate (C:\\projects\\tedd\\src\\middlewares\\authMiddleware.ts:10:22)\n    at C:\\projects\\tedd\\node_modules\\@opentelemetry\\instrumentation-express\\src\\instrumentation.ts:224:27\n    at Layer.handle [as handle_request] (C:\\projects\\tedd\\node_modules\\express\\lib\\router\\layer.js:95:5)\n    at trim_prefix (C:\\projects\\tedd\\node_modules\\express\\lib\\router\\index.js:328:13)\n    at C:\\projects\\tedd\\node_modules\\express\\lib\\router\\index.js:286:9\n    at Function.process_params (C:\\projects\\tedd\\node_modules\\express\\lib\\router\\index.js:346:12)\n    at next (C:\\projects\\tedd\\node_modules\\express\\lib\\router\\index.js:280:10)\n    at jsonParser (C:\\projects\\tedd\\node_modules\\body-parser\\lib\\types\\json.js:113:7)\n    at C:\\projects\\tedd\\node_modules\\@opentelemetry\\instrumentation-express\\src\\instrumentation.ts:224:27","timestamp":"2024-11-30T14:18:01.333Z"}
{"level":"info","message":"Servidor rodando na porta 3001","timestamp":"2024-11-30T14:18:31.063Z"}
{"level":"info","message":"Servidor rodando na porta 3001","timestamp":"2024-11-30T14:22:05.290Z"}
{"level":"info","message":"Servidor rodando na porta 3001","timestamp":"2024-11-30T14:23:08.584Z"}
{"level":"info","message":"Servidor rodando na porta 3001","timestamp":"2024-11-30T14:23:26.462Z"}
{"level":"info","message":"Servidor rodando na porta 3001","timestamp":"2024-11-30T14:23:43.015Z"}
{"level":"info","message":"Servidor rodando na porta 3001","timestamp":"2024-11-30T14:23:51.880Z"}
{"level":"info","message":"Servidor rodando na porta 3001","timestamp":"2024-11-30T14:25:12.906Z"}
{"level":"info","message":"Servidor rodando na porta 3001","timestamp":"2024-11-30T14:27:05.878Z"}
{"level":"info","message":"Servidor rodando na porta 3001","timestamp":"2024-11-30T14:32:00.594Z"}
{"level":"info","message":"Servidor rodando na porta 3001","timestamp":"2024-11-30T14:32:30.222Z"}
{"level":"info","message":"Servidor rodando na porta 3001","timestamp":"2024-11-30T14:33:35.920Z"}
{"level":"info","message":"Servidor rodando na porta 3001","timestamp":"2024-11-30T14:33:38.427Z"}
{"level":"info","message":"Servidor rodando na porta 3001","timestamp":"2024-11-30T14:36:19.231Z"}
{"level":"info","message":"Servidor rodando na porta 3001","timestamp":"2024-11-30T14:37:01.653Z"}
{"level":"info","message":"Servidor rodando na porta 3001","timestamp":"2024-11-30T14:38:37.505Z"}
{"level":"info","message":"Servidor rodando na porta 3001","timestamp":"2024-11-30T14:39:36.145Z"}
{"level":"info","message":"Servidor rodando na porta 3001","timestamp":"2024-11-30T14:41:55.895Z"}
{"level":"info","message":"Servidor rodando na porta 3001","timestamp":"2024-11-30T14:41:59.303Z"}
{"level":"info","message":"Servidor rodando na porta 3001","timestamp":"2024-11-30T14:42:10.113Z"}
{"level":"info","message":"Servidor rodando na porta 3001","timestamp":"2024-11-30T14:42:28.191Z"}
{"level":"info","message":"Servidor rodando na porta 3001","timestamp":"2024-11-30T14:43:25.080Z"}
{"level":"info","message":"Servidor rodando na porta 3001","timestamp":"2024-11-30T14:43:40.944Z"}
{"level":"info","message":"Servidor rodando na porta 3001","timestamp":"2024-11-30T14:44:49.565Z"}
{"level":"info","message":"Servidor rodando na porta 3001","timestamp":"2024-11-30T14:45:52.130Z"}
{"level":"info","message":"Servidor rodando na porta 3001","timestamp":"2024-11-30T14:47:27.942Z"}
{"level":"info","message":"Servidor rodando na porta 3001","timestamp":"2024-11-30T14:49:03.270Z"}
{"level":"info","message":"Servidor rodando na porta 3001","timestamp":"2024-11-30T14:49:22.152Z"}
{"level":"info","message":"Servidor rodando na porta 3001","timestamp":"2024-11-30T14:50:57.399Z"}
{"level":"info","message":"Servidor rodando na porta 3001","timestamp":"2024-11-30T14:51:07.396Z"}
{"level":"info","message":"Servidor rodando na porta 3001","timestamp":"2024-11-30T14:52:29.913Z"}
{"level":"info","message":"Servidor rodando na porta 3001","timestamp":"2024-11-30T14:54:08.890Z"}
{"level":"info","message":"Servidor rodando na porta 3001","timestamp":"2024-11-30T14:54:55.297Z"}
{"level":"info","message":"Servidor rodando na porta 3001","timestamp":"2024-11-30T14:56:05.450Z"}
{"level":"info","message":"Servidor rodando na porta 3001","timestamp":"2024-11-30T14:58:17.170Z"}
{"level":"info","message":"Servidor rodando na porta 3001","timestamp":"2024-11-30T14:58:20.138Z"}
{"level":"info","message":"Servidor rodando na porta 3001","timestamp":"2024-11-30T14:58:58.053Z"}
{"level":"info","message":"Servidor rodando na porta 3001","timestamp":"2024-11-30T14:59:29.446Z"}
{"level":"info","message":"Servidor rodando na porta 3001","timestamp":"2024-11-30T15:00:42.738Z"}
{"level":"info","message":"Servidor rodando na porta 3001","timestamp":"2024-11-30T15:01:07.393Z"}
{"level":"info","message":"Servidor rodando na porta 3001","timestamp":"2024-11-30T15:01:42.416Z"}
{"level":"info","message":"Servidor rodando na porta 3001","timestamp":"2024-11-30T15:02:29.593Z"}
{"level":"info","message":"Servidor rodando na porta 3001","timestamp":"2024-11-30T15:02:47.113Z"}
{"level":"info","message":"Servidor rodando na porta 3001","timestamp":"2024-11-30T15:03:08.122Z"}
{"level":"info","message":"Servidor rodando na porta 3001","timestamp":"2024-11-30T15:04:12.239Z"}
{"level":"info","message":"Servidor rodando na porta 3001","timestamp":"2024-11-30T15:05:25.470Z"}
{"level":"info","message":"Servidor rodando na porta 3001","timestamp":"2024-11-30T15:06:49.987Z"}
{"level":"info","message":"Servidor rodando na porta 3001","timestamp":"2024-11-30T15:08:07.794Z"}
{"level":"info","message":"Servidor rodando na porta 3001","timestamp":"2024-11-30T15:08:13.632Z"}
{"level":"info","message":"Servidor rodando na porta 3001","timestamp":"2024-11-30T15:08:55.536Z"}
{"level":"info","message":"Servidor rodando na porta 3001","timestamp":"2024-11-30T15:09:35.076Z"}
{"level":"info","message":"Servidor rodando na porta 3001","timestamp":"2024-11-30T15:11:23.217Z"}
{"level":"info","message":"Servidor rodando na porta 3001","timestamp":"2024-11-30T15:11:49.984Z"}
{"level":"info","message":"Servidor rodando na porta 3001","timestamp":"2024-11-30T15:15:50.177Z"}
{"level":"info","message":"Servidor rodando na porta 3001","timestamp":"2024-11-30T15:16:01.513Z"}
{"level":"info","message":"Servidor rodando na porta 3001","timestamp":"2024-11-30T15:16:48.923Z"}
{"level":"info","message":"Servidor rodando na porta 3001","timestamp":"2024-11-30T15:17:18.397Z"}
{"level":"info","message":"Servidor rodando na porta 3001","timestamp":"2024-11-30T15:18:59.869Z"}
{"level":"info","message":"Servidor rodando na porta 3001","timestamp":"2024-11-30T15:20:47.154Z"}
{"level":"info","message":"Servidor rodando na porta 3001","timestamp":"2024-11-30T15:20:58.618Z"}
{"level":"info","message":"Servidor rodando na porta 3001","timestamp":"2024-11-30T15:21:37.581Z"}
{"level":"info","message":"Servidor rodando na porta 3001","timestamp":"2024-11-30T15:22:14.840Z"}
{"level":"info","message":"Servidor rodando na porta 3001","timestamp":"2024-11-30T15:23:17.183Z"}
{"level":"info","message":"Servidor rodando na porta 3001","timestamp":"2024-11-30T15:26:17.126Z"}
{"level":"info","message":"Servidor rodando na porta 3001","timestamp":"2024-11-30T15:27:50.438Z"}
{"level":"info","message":"Servidor rodando na porta 3001","timestamp":"2024-11-30T15:28:30.599Z"}
{"level":"info","message":"Servidor rodando na porta 3001","timestamp":"2024-11-30T15:29:29.854Z"}
{"level":"info","message":"Servidor rodando na porta 3001","timestamp":"2024-11-30T15:30:10.433Z"}
{"level":"info","message":"Servidor rodando na porta 3001","timestamp":"2024-11-30T15:31:10.049Z"}
{"level":"info","message":"Servidor rodando na porta 3001","timestamp":"2024-11-30T15:31:55.144Z"}
{"level":"info","message":"Servidor rodando na porta 3001","timestamp":"2024-11-30T15:32:26.702Z"}
{"level":"info","message":"Optional authentication successful for user 4828bce5-3493-4d3b-b779-dc21ccddd1df","timestamp":"2024-11-30T15:32:46.500Z"}
{"level":"info","message":"Servidor rodando na porta 3001","timestamp":"2024-11-30T15:37:15.484Z"}
{"level":"info","message":"Servidor rodando na porta 3001","timestamp":"2024-11-30T15:37:41.381Z"}
{"level":"info","message":"Servidor rodando na porta 3001","timestamp":"2024-11-30T15:40:59.915Z"}
{"level":"info","message":"Servidor rodando na porta 3001","timestamp":"2024-11-30T15:41:32.164Z"}
{"level":"info","message":"Servidor rodando na porta 3001","timestamp":"2024-11-30T15:41:47.781Z"}
{"level":"info","message":"Servidor rodando na porta 3001","timestamp":"2024-11-30T15:44:24.826Z"}
{"level":"info","message":"Servidor rodando na porta 3001","timestamp":"2024-11-30T15:45:04.858Z"}
{"level":"info","message":"Servidor rodando na porta 3001","timestamp":"2024-11-30T15:45:44.654Z"}
{"level":"info","message":"Servidor rodando na porta 3001","timestamp":"2024-11-30T15:46:18.166Z"}
{"level":"info","message":"Servidor rodando na porta 3001","timestamp":"2024-11-30T15:46:31.431Z"}
{"level":"info","message":"Servidor rodando na porta 3001","timestamp":"2024-11-30T15:47:19.651Z"}
{"level":"info","message":"Servidor rodando na porta 3001","timestamp":"2024-11-30T15:47:25.110Z"}
{"level":"info","message":"Servidor rodando na porta 3001","timestamp":"2024-11-30T15:48:11.082Z"}
{"level":"info","message":"Servidor rodando na porta 3001","timestamp":"2024-11-30T15:48:23.263Z"}
{"level":"info","message":"Servidor rodando na porta 3001","timestamp":"2024-11-30T15:48:34.589Z"}
{"level":"info","message":"Servidor rodando na porta 3001","timestamp":"2024-11-30T15:48:42.037Z"}
{"level":"info","message":"Servidor rodando na porta 3001","timestamp":"2024-11-30T15:48:59.115Z"}
{"level":"info","message":"Servidor rodando na porta 3001","timestamp":"2024-11-30T15:49:05.560Z"}
{"level":"info","message":"Servidor rodando na porta 3001","timestamp":"2024-11-30T15:53:48.738Z"}
{"level":"info","message":"Servidor rodando na porta 3001","timestamp":"2024-11-30T15:54:00.508Z"}
{"level":"info","message":"Servidor rodando na porta 3001","timestamp":"2024-11-30T15:54:17.157Z"}
{"level":"error","message":"API Error: URL not found","method":"PUT","path":"/urls/8Fj","statusCode":404,"timestamp":"2024-11-30T15:54:19.476Z"}
{"level":"info","message":"Optional authentication successful for user 4828bce5-3493-4d3b-b779-dc21ccddd1df","timestamp":"2024-11-30T15:54:41.682Z"}
{"level":"info","message":"Optional authentication successful for user 4828bce5-3493-4d3b-b779-dc21ccddd1df","timestamp":"2024-11-30T15:54:44.748Z"}
{"level":"info","message":"Optional authentication successful for user 4828bce5-3493-4d3b-b779-dc21ccddd1df","timestamp":"2024-11-30T15:54:46.821Z"}
{"level":"info","message":"Optional authentication successful for user 4828bce5-3493-4d3b-b779-dc21ccddd1df","timestamp":"2024-11-30T15:54:50.674Z"}
{"level":"error","message":"API Error: No token provided","method":"GET","path":"/urls/my-urls","statusCode":401,"timestamp":"2024-11-30T15:55:03.399Z"}
{"level":"error","message":"API Error: URL not found","method":"PUT","path":"/urls/8Fj","statusCode":404,"timestamp":"2024-11-30T15:55:16.210Z"}
{"level":"error","message":"API Error: No token provided","method":"DELETE","path":"/urls/Z6Zy","statusCode":401,"timestamp":"2024-11-30T15:55:35.497Z"}
{"level":"info","message":"Servidor rodando na porta 3001","timestamp":"2024-11-30T15:56:53.855Z"}
{"level":"info","message":"Servidor rodando na porta 3001","timestamp":"2024-11-30T15:57:11.307Z"}
{"level":"error","message":"API Error: No token provided","method":"GET","path":"/urls/my-urls","statusCode":401,"timestamp":"2024-11-30T15:57:43.008Z"}
{"level":"info","message":"Servidor rodando na porta 3001","timestamp":"2024-12-01T17:22:27.204Z"}
{"level":"info","message":"Servidor rodando na porta 3001","timestamp":"2024-12-01T17:27:06.535Z"}
{"level":"info","message":"Servidor rodando na porta 3001","timestamp":"2024-12-01T17:57:25.329Z"}
{"level":"info","message":"Servidor rodando na porta 3001","timestamp":"2024-12-01T18:09:46.441Z"}
{"level":"info","message":"Servidor rodando na porta 3001","timestamp":"2024-12-01T18:13:32.043Z"}
{"level":"info","message":"Servidor rodando na porta 3001","timestamp":"2024-12-01T18:15:04.612Z"}
{"level":"info","message":"Servidor rodando na porta 3001","timestamp":"2024-12-01T18:15:34.066Z"}
{"level":"info","message":"Servidor rodando na porta 3001","timestamp":"2024-12-01T18:15:40.866Z"}
{"level":"error","message":"API Error: No token provided","method":"GET","path":"/urls/my-urls","statusCode":401,"timestamp":"2024-12-01T18:20:07.477Z"}
{"level":"error","message":"API Error: URL not found","method":"GET","path":"/favicon.ico","statusCode":404,"timestamp":"2024-12-01T18:20:07.568Z"}
{"level":"info","message":"Servidor rodando na porta 3001","timestamp":"2024-12-01T18:20:54.854Z"}
{"level":"error","message":"API Error: URL not found","method":"GET","path":"/health","statusCode":404,"timestamp":"2024-12-01T18:21:46.118Z"}
{"level":"info","message":"Servidor rodando na porta 3001","timestamp":"2024-12-01T18:22:05.171Z"}
{"level":"error","message":"API Error: URL not found","method":"GET","path":"/health","statusCode":404,"timestamp":"2024-12-01T18:22:15.413Z"}
{"level":"error","message":"API Error: URL not found","method":"GET","path":"/health","statusCode":404,"timestamp":"2024-12-01T18:22:46.358Z"}
{"level":"info","message":"Servidor rodando na porta 3001","timestamp":"2024-12-01T18:24:09.075Z"}
{"level":"info","message":"Servidor rodando na porta 3001","timestamp":"2024-12-01T18:25:05.910Z"}
{"level":"info","message":"Servidor rodando na porta 3001","timestamp":"2024-12-01T18:25:09.215Z"}
{"level":"error","message":"API Error: URL not found","method":"GET","path":"/health","statusCode":404,"timestamp":"2024-12-01T18:25:11.932Z"}
{"level":"info","message":"Servidor rodando na porta 3001","timestamp":"2024-12-01T18:26:45.927Z"}
{"level":"error","message":"API Error: URL not found","method":"GET","path":"/health","statusCode":404,"timestamp":"2024-12-01T18:26:46.069Z"}
{"level":"error","message":"API Error: Invalid token","method":"GET","path":"/urls/my-urls","statusCode":401,"timestamp":"2024-12-01T18:26:52.343Z"}
{"level":"error","message":"API Error: URL not found","method":"GET","path":"/health","statusCode":404,"timestamp":"2024-12-01T18:27:32.079Z"}
{"level":"error","message":"API Error: URL not found","method":"GET","path":"/health","statusCode":404,"timestamp":"2024-12-01T18:29:14.813Z"}
{"level":"error","message":"API Error: URL not found","method":"GET","path":"/health","statusCode":404,"timestamp":"2024-12-01T18:29:17.700Z"}
{"level":"error","message":"API Error: URL not found","method":"GET","path":"/health","statusCode":404,"timestamp":"2024-12-01T18:29:23.426Z"}
{"level":"error","message":"API Error: URL not found","method":"GET","path":"/health","statusCode":404,"timestamp":"2024-12-01T18:30:17.917Z"}
{"level":"info","message":"Servidor rodando na porta 3001","timestamp":"2024-12-01T18:30:58.199Z"}
{"level":"info","message":"Servidor rodando na porta 3001","timestamp":"2024-12-01T18:31:10.226Z"}
{"level":"error","message":"API Error: URL not found","method":"GET","path":"/health","statusCode":404,"timestamp":"2024-12-01T18:31:24.332Z"}
{"level":"error","message":"API Error: URL not found","method":"GET","path":"/health","statusCode":404,"timestamp":"2024-12-01T18:31:24.966Z"}
{"level":"error","message":"API Error: URL not found","method":"GET","path":"/health","statusCode":404,"timestamp":"2024-12-01T18:31:25.190Z"}
{"level":"error","message":"API Error: URL not found","method":"GET","path":"/health","statusCode":404,"timestamp":"2024-12-01T18:31:25.401Z"}
{"level":"error","message":"API Error: URL not found","method":"GET","path":"/health","statusCode":404,"timestamp":"2024-12-01T18:31:25.611Z"}
{"level":"error","message":"API Error: URL not found","method":"GET","path":"/health","statusCode":404,"timestamp":"2024-12-01T18:34:43.772Z"}
{"level":"error","message":"API Error: URL not found","method":"GET","path":"/health","statusCode":404,"timestamp":"2024-12-01T18:34:44.550Z"}
{"level":"error","message":"API Error: URL not found","method":"GET","path":"/health","statusCode":404,"timestamp":"2024-12-01T18:34:44.752Z"}
{"level":"error","message":"API Error: URL not found","method":"GET","path":"/health","statusCode":404,"timestamp":"2024-12-01T18:34:44.792Z"}
{"level":"error","message":"API Error: URL not found","method":"GET","path":"/health","statusCode":404,"timestamp":"2024-12-01T18:34:44.934Z"}
{"level":"info","message":"Servidor rodando na porta 3001","timestamp":"2024-12-01T18:34:52.127Z"}
{"level":"error","message":"API Error: URL not found","method":"GET","path":"/health","statusCode":404,"timestamp":"2024-12-01T18:34:54.300Z"}
{"level":"error","message":"API Error: URL not found","method":"GET","path":"/health","statusCode":404,"timestamp":"2024-12-01T18:35:12.732Z"}
{"level":"error","message":"API Error: URL not found","method":"GET","path":"/health","statusCode":404,"timestamp":"2024-12-01T18:38:48.216Z"}
{"level":"error","message":"API Error: URL not found","method":"GET","path":"/health","statusCode":404,"timestamp":"2024-12-01T18:40:16.376Z"}
{"level":"info","message":"Servidor rodando na porta 3001","timestamp":"2024-12-01T18:45:24.830Z"}
{"level":"info","message":"Servidor rodando na porta 3001","timestamp":"2024-12-01T18:47:10.306Z"}
{"level":"error","message":"API Error: URL not found","method":"GET","path":"/health","statusCode":404,"timestamp":"2024-12-01T18:47:18.577Z"}
{"level":"error","message":"API Error: URL not found","method":"GET","path":"/health","statusCode":404,"timestamp":"2024-12-01T18:48:30.055Z"}
{"level":"info","message":"Servidor rodando na porta 3001","timestamp":"2024-12-01T18:48:37.212Z"}
{"level":"error","message":"API Error: URL not found","method":"GET","path":"/health","statusCode":404,"timestamp":"2024-12-01T18:48:39.773Z"}
{"level":"info","message":"Servidor rodando na porta 3001","timestamp":"2024-12-01T18:49:18.173Z"}
{"level":"error","message":"API Error: URL not found","method":"GET","path":"/health","statusCode":404,"timestamp":"2024-12-01T18:50:33.625Z"}
{"level":"info","message":"Servidor rodando na porta 3001","timestamp":"2024-12-01T18:51:51.847Z"}
{"level":"info","message":"Servidor rodando na porta 3001","timestamp":"2024-12-01T18:52:47.538Z"}
{"level":"info","message":"Servidor rodando na porta 3001","timestamp":"2024-12-01T18:53:29.468Z"}
{"level":"info","message":"Servidor rodando na porta 3001","timestamp":"2024-12-01T18:59:08.959Z"}
{"error":"notNull Violation: ShortUrl.originalUrl cannot be null","level":"error","message":"Unexpected Error:","method":"POST","path":"/urls/shorten","stack":"SequelizeValidationError: notNull Violation: ShortUrl.originalUrl cannot be null\n    at InstanceValidator._validate (C:\\projects\\tedd\\node_modules\\sequelize\\src\\instance-validator.js:78:13)\n    at processTicksAndRejections (node:internal/process/task_queues:95:5)\n    at InstanceValidator._validateAndRunHooks (C:\\projects\\tedd\\node_modules\\sequelize\\src\\instance-validator.js:111:7)\n    at InstanceValidator.validate (C:\\projects\\tedd\\node_modules\\sequelize\\src\\instance-validator.js:93:12)\n    at ShortUrl.save (C:\\projects\\tedd\\node_modules\\sequelize\\src\\model.js:4077:7)\n    at Function.create (C:\\projects\\tedd\\node_modules\\sequelize\\src\\model.js:2305:12)\n    at Function.createShortUrl (C:\\projects\\tedd\\src\\services\\urlService.ts:10:22)\n    at create (C:\\projects\\tedd\\src\\controllers\\urlController.ts:14:24)","timestamp":"2024-12-01T18:59:55.435Z"}
{"level":"info","message":"Servidor rodando na porta 3001","timestamp":"2024-12-01T19:01:18.078Z"}
{"level":"error","message":"API Error: originalUrl cannot be null","method":"POST","path":"/urls/shorten","statusCode":400,"timestamp":"2024-12-01T19:01:20.114Z"}
{"level":"error","message":"API Error: originalUrl cannot be null","method":"POST","path":"/urls/shorten","statusCode":400,"timestamp":"2024-12-01T19:01:27.839Z"}
{"level":"info","message":"Servidor rodando na porta 3001","timestamp":"2024-12-01T19:01:33.920Z"}
{"level":"error","message":"API Error: originalUrl cannot be null","method":"POST","path":"/urls/shorten","statusCode":400,"timestamp":"2024-12-01T19:01:40.986Z"}
{"level":"warn","message":"Optional authentication failed: Invalid token","name":"ApiError","stack":"ApiError: Invalid token\n    at Function.unauthorized (C:\\projects\\tedd\\src\\utils\\apiError.ts:33:12)\n    at Function.validateToken (C:\\projects\\tedd\\src\\services\\authService.ts:62:22)\n    at optionalAuthenticate (C:\\projects\\tedd\\src\\middlewares\\optionalAuth.ts:14:44)\n    at Layer.handle [as handle_request] (C:\\projects\\tedd\\node_modules\\express\\lib\\router\\layer.js:95:5)\n    at next (C:\\projects\\tedd\\node_modules\\express\\lib\\router\\route.js:149:13)\n    at Route.dispatch (C:\\projects\\tedd\\node_modules\\express\\lib\\router\\route.js:119:3)\n    at C:\\projects\\tedd\\node_modules\\@opentelemetry\\instrumentation-express\\src\\instrumentation.ts:224:27\n    at Layer.handle [as handle_request] (C:\\projects\\tedd\\node_modules\\express\\lib\\router\\layer.js:95:5)\n    at C:\\projects\\tedd\\node_modules\\express\\lib\\router\\index.js:284:15\n    at Function.process_params (C:\\projects\\tedd\\node_modules\\express\\lib\\router\\index.js:346:12)","statusCode":401,"timestamp":"2024-12-01T19:01:54.921Z"}
{"level":"info","message":"Optional authentication successful for user 4828bce5-3493-4d3b-b779-dc21ccddd1df","timestamp":"2024-12-01T19:02:18.440Z"}
{"level":"error","message":"API Error: No token provided","method":"GET","path":"/urls/my-urls","statusCode":401,"timestamp":"2024-12-01T19:03:22.759Z"}
{"level":"error","message":"API Error: Invalid token","method":"PUT","path":"/urls/","statusCode":401,"timestamp":"2024-12-01T19:04:02.961Z"}
{"level":"error","message":"API Error: Invalid token","method":"PUT","path":"/urls/Z6Zy","statusCode":401,"timestamp":"2024-12-01T19:04:08.802Z"}
{"level":"error","message":"API Error: URL not found","method":"PUT","path":"/urls/Z6Zy","statusCode":404,"timestamp":"2024-12-01T19:04:24.081Z"}
{"level":"error","message":"API Error: Invalid token","method":"DELETE","path":"/urls/Z6Zy","statusCode":401,"timestamp":"2024-12-01T19:05:08.311Z"}
{"level":"error","message":"API Error: URL not found","method":"DELETE","path":"/urls/Z6Zy","statusCode":404,"timestamp":"2024-12-01T19:05:28.939Z"}
{"level":"error","message":"API Error: URL not found","method":"GET","path":"/pKs8","statusCode":404,"timestamp":"2024-12-01T19:05:50.994Z"}
{"level":"error","message":"API Error: URL not found","method":"GET","path":"/pKs8","statusCode":404,"timestamp":"2024-12-01T19:06:22.453Z"}
{"level":"error","message":"API Error: URL not found","method":"GET","path":"/xYTL","statusCode":404,"timestamp":"2024-12-01T19:06:45.324Z"}
{"level":"info","message":"Servidor rodando na porta 3001","timestamp":"2024-12-01T19:15:11.446Z"}
{"level":"info","message":"Servidor rodando na porta 3001","timestamp":"2024-12-01T19:19:52.497Z"}
{"level":"info","message":"Servidor rodando na porta 3001","timestamp":"2024-12-01T19:26:21.634Z"}
{"level":"info","message":"Servidor rodando na porta 3001","timestamp":"2024-12-01T19:34:18.379Z"}
{"level":"info","message":"Servidor rodando na porta 3001","timestamp":"2024-12-01T19:37:41.083Z"}
{"level":"info","message":"Servidor rodando na porta 3001","timestamp":"2024-12-01T19:54:08.375Z"}
