{"error":"No token provided","level":"error","message":"Erro n達o tratado:","method":"GET","path":"/api-docs/","stack":"ApiError: No token provided\n    at Function.unauthorized (C:\\projects\\tedd\\src\\utils\\apiError.ts:22:12)\n    at authenticate (C:\\projects\\tedd\\src\\middlewares\\authMiddleware.ts:10:22)\n    at C:\\projects\\tedd\\node_modules\\@opentelemetry\\instrumentation-express\\src\\instrumentation.ts:224:27\n    at Layer.handle [as handle_request] (C:\\projects\\tedd\\node_modules\\express\\lib\\router\\layer.js:95:5)\n    at trim_prefix (C:\\projects\\tedd\\node_modules\\express\\lib\\router\\index.js:328:13)\n    at C:\\projects\\tedd\\node_modules\\express\\lib\\router\\index.js:286:9\n    at Function.process_params (C:\\projects\\tedd\\node_modules\\express\\lib\\router\\index.js:346:12)\n    at next (C:\\projects\\tedd\\node_modules\\express\\lib\\router\\index.js:280:10)\n    at jsonParser (C:\\projects\\tedd\\node_modules\\body-parser\\lib\\types\\json.js:113:7)\n    at C:\\projects\\tedd\\node_modules\\@opentelemetry\\instrumentation-express\\src\\instrumentation.ts:224:27","timestamp":"2024-11-30T14:16:48.205Z"}
{"error":"No token provided","level":"error","message":"Erro n達o tratado:","method":"GET","path":"/favicon.ico","stack":"ApiError: No token provided\n    at Function.unauthorized (C:\\projects\\tedd\\src\\utils\\apiError.ts:22:12)\n    at authenticate (C:\\projects\\tedd\\src\\middlewares\\authMiddleware.ts:10:22)\n    at C:\\projects\\tedd\\node_modules\\@opentelemetry\\instrumentation-express\\src\\instrumentation.ts:224:27\n    at Layer.handle [as handle_request] (C:\\projects\\tedd\\node_modules\\express\\lib\\router\\layer.js:95:5)\n    at trim_prefix (C:\\projects\\tedd\\node_modules\\express\\lib\\router\\index.js:328:13)\n    at C:\\projects\\tedd\\node_modules\\express\\lib\\router\\index.js:286:9\n    at Function.process_params (C:\\projects\\tedd\\node_modules\\express\\lib\\router\\index.js:346:12)\n    at next (C:\\projects\\tedd\\node_modules\\express\\lib\\router\\index.js:280:10)\n    at jsonParser (C:\\projects\\tedd\\node_modules\\body-parser\\lib\\types\\json.js:113:7)\n    at C:\\projects\\tedd\\node_modules\\@opentelemetry\\instrumentation-express\\src\\instrumentation.ts:224:27","timestamp":"2024-11-30T14:16:48.243Z"}
{"error":"No token provided","level":"error","message":"Erro n達o tratado:","method":"GET","path":"/api-docs/","stack":"ApiError: No token provided\n    at Function.unauthorized (C:\\projects\\tedd\\src\\utils\\apiError.ts:22:12)\n    at authenticate (C:\\projects\\tedd\\src\\middlewares\\authMiddleware.ts:10:22)\n    at C:\\projects\\tedd\\node_modules\\@opentelemetry\\instrumentation-express\\src\\instrumentation.ts:224:27\n    at Layer.handle [as handle_request] (C:\\projects\\tedd\\node_modules\\express\\lib\\router\\layer.js:95:5)\n    at trim_prefix (C:\\projects\\tedd\\node_modules\\express\\lib\\router\\index.js:328:13)\n    at C:\\projects\\tedd\\node_modules\\express\\lib\\router\\index.js:286:9\n    at Function.process_params (C:\\projects\\tedd\\node_modules\\express\\lib\\router\\index.js:346:12)\n    at next (C:\\projects\\tedd\\node_modules\\express\\lib\\router\\index.js:280:10)\n    at jsonParser (C:\\projects\\tedd\\node_modules\\body-parser\\lib\\types\\json.js:113:7)\n    at C:\\projects\\tedd\\node_modules\\@opentelemetry\\instrumentation-express\\src\\instrumentation.ts:224:27","timestamp":"2024-11-30T14:18:01.295Z"}
{"error":"No token provided","level":"error","message":"Erro n達o tratado:","method":"GET","path":"/favicon.ico","stack":"ApiError: No token provided\n    at Function.unauthorized (C:\\projects\\tedd\\src\\utils\\apiError.ts:22:12)\n    at authenticate (C:\\projects\\tedd\\src\\middlewares\\authMiddleware.ts:10:22)\n    at C:\\projects\\tedd\\node_modules\\@opentelemetry\\instrumentation-express\\src\\instrumentation.ts:224:27\n    at Layer.handle [as handle_request] (C:\\projects\\tedd\\node_modules\\express\\lib\\router\\layer.js:95:5)\n    at trim_prefix (C:\\projects\\tedd\\node_modules\\express\\lib\\router\\index.js:328:13)\n    at C:\\projects\\tedd\\node_modules\\express\\lib\\router\\index.js:286:9\n    at Function.process_params (C:\\projects\\tedd\\node_modules\\express\\lib\\router\\index.js:346:12)\n    at next (C:\\projects\\tedd\\node_modules\\express\\lib\\router\\index.js:280:10)\n    at jsonParser (C:\\projects\\tedd\\node_modules\\body-parser\\lib\\types\\json.js:113:7)\n    at C:\\projects\\tedd\\node_modules\\@opentelemetry\\instrumentation-express\\src\\instrumentation.ts:224:27","timestamp":"2024-11-30T14:18:01.333Z"}
{"level":"error","message":"API Error: URL not found","method":"PUT","path":"/urls/8Fj","statusCode":404,"timestamp":"2024-11-30T15:54:19.476Z"}
{"level":"error","message":"API Error: No token provided","method":"GET","path":"/urls/my-urls","statusCode":401,"timestamp":"2024-11-30T15:55:03.399Z"}
{"level":"error","message":"API Error: URL not found","method":"PUT","path":"/urls/8Fj","statusCode":404,"timestamp":"2024-11-30T15:55:16.210Z"}
{"level":"error","message":"API Error: No token provided","method":"DELETE","path":"/urls/Z6Zy","statusCode":401,"timestamp":"2024-11-30T15:55:35.497Z"}
{"level":"error","message":"API Error: No token provided","method":"GET","path":"/urls/my-urls","statusCode":401,"timestamp":"2024-11-30T15:57:43.008Z"}
{"level":"error","message":"API Error: No token provided","method":"GET","path":"/urls/my-urls","statusCode":401,"timestamp":"2024-12-01T18:20:07.477Z"}
{"level":"error","message":"API Error: URL not found","method":"GET","path":"/favicon.ico","statusCode":404,"timestamp":"2024-12-01T18:20:07.568Z"}
{"level":"error","message":"API Error: URL not found","method":"GET","path":"/health","statusCode":404,"timestamp":"2024-12-01T18:21:46.118Z"}
{"level":"error","message":"API Error: URL not found","method":"GET","path":"/health","statusCode":404,"timestamp":"2024-12-01T18:22:15.413Z"}
{"level":"error","message":"API Error: URL not found","method":"GET","path":"/health","statusCode":404,"timestamp":"2024-12-01T18:22:46.358Z"}
{"level":"error","message":"API Error: URL not found","method":"GET","path":"/health","statusCode":404,"timestamp":"2024-12-01T18:25:11.932Z"}
{"level":"error","message":"API Error: URL not found","method":"GET","path":"/health","statusCode":404,"timestamp":"2024-12-01T18:26:46.069Z"}
{"level":"error","message":"API Error: Invalid token","method":"GET","path":"/urls/my-urls","statusCode":401,"timestamp":"2024-12-01T18:26:52.343Z"}
{"level":"error","message":"API Error: URL not found","method":"GET","path":"/health","statusCode":404,"timestamp":"2024-12-01T18:27:32.079Z"}
{"level":"error","message":"API Error: URL not found","method":"GET","path":"/health","statusCode":404,"timestamp":"2024-12-01T18:29:14.813Z"}
{"level":"error","message":"API Error: URL not found","method":"GET","path":"/health","statusCode":404,"timestamp":"2024-12-01T18:29:17.700Z"}
{"level":"error","message":"API Error: URL not found","method":"GET","path":"/health","statusCode":404,"timestamp":"2024-12-01T18:29:23.426Z"}
{"level":"error","message":"API Error: URL not found","method":"GET","path":"/health","statusCode":404,"timestamp":"2024-12-01T18:30:17.917Z"}
{"level":"error","message":"API Error: URL not found","method":"GET","path":"/health","statusCode":404,"timestamp":"2024-12-01T18:31:24.332Z"}
{"level":"error","message":"API Error: URL not found","method":"GET","path":"/health","statusCode":404,"timestamp":"2024-12-01T18:31:24.966Z"}
{"level":"error","message":"API Error: URL not found","method":"GET","path":"/health","statusCode":404,"timestamp":"2024-12-01T18:31:25.190Z"}
{"level":"error","message":"API Error: URL not found","method":"GET","path":"/health","statusCode":404,"timestamp":"2024-12-01T18:31:25.401Z"}
{"level":"error","message":"API Error: URL not found","method":"GET","path":"/health","statusCode":404,"timestamp":"2024-12-01T18:31:25.611Z"}
{"level":"error","message":"API Error: URL not found","method":"GET","path":"/health","statusCode":404,"timestamp":"2024-12-01T18:34:43.772Z"}
{"level":"error","message":"API Error: URL not found","method":"GET","path":"/health","statusCode":404,"timestamp":"2024-12-01T18:34:44.550Z"}
{"level":"error","message":"API Error: URL not found","method":"GET","path":"/health","statusCode":404,"timestamp":"2024-12-01T18:34:44.752Z"}
{"level":"error","message":"API Error: URL not found","method":"GET","path":"/health","statusCode":404,"timestamp":"2024-12-01T18:34:44.792Z"}
{"level":"error","message":"API Error: URL not found","method":"GET","path":"/health","statusCode":404,"timestamp":"2024-12-01T18:34:44.934Z"}
{"level":"error","message":"API Error: URL not found","method":"GET","path":"/health","statusCode":404,"timestamp":"2024-12-01T18:34:54.300Z"}
{"level":"error","message":"API Error: URL not found","method":"GET","path":"/health","statusCode":404,"timestamp":"2024-12-01T18:35:12.732Z"}
{"level":"error","message":"API Error: URL not found","method":"GET","path":"/health","statusCode":404,"timestamp":"2024-12-01T18:38:48.216Z"}
{"level":"error","message":"API Error: URL not found","method":"GET","path":"/health","statusCode":404,"timestamp":"2024-12-01T18:40:16.376Z"}
{"level":"error","message":"API Error: URL not found","method":"GET","path":"/health","statusCode":404,"timestamp":"2024-12-01T18:47:18.577Z"}
{"level":"error","message":"API Error: URL not found","method":"GET","path":"/health","statusCode":404,"timestamp":"2024-12-01T18:48:30.055Z"}
{"level":"error","message":"API Error: URL not found","method":"GET","path":"/health","statusCode":404,"timestamp":"2024-12-01T18:48:39.773Z"}
{"level":"error","message":"API Error: URL not found","method":"GET","path":"/health","statusCode":404,"timestamp":"2024-12-01T18:50:33.625Z"}
{"error":"notNull Violation: ShortUrl.originalUrl cannot be null","level":"error","message":"Unexpected Error:","method":"POST","path":"/urls/shorten","stack":"SequelizeValidationError: notNull Violation: ShortUrl.originalUrl cannot be null\n    at InstanceValidator._validate (C:\\projects\\tedd\\node_modules\\sequelize\\src\\instance-validator.js:78:13)\n    at processTicksAndRejections (node:internal/process/task_queues:95:5)\n    at InstanceValidator._validateAndRunHooks (C:\\projects\\tedd\\node_modules\\sequelize\\src\\instance-validator.js:111:7)\n    at InstanceValidator.validate (C:\\projects\\tedd\\node_modules\\sequelize\\src\\instance-validator.js:93:12)\n    at ShortUrl.save (C:\\projects\\tedd\\node_modules\\sequelize\\src\\model.js:4077:7)\n    at Function.create (C:\\projects\\tedd\\node_modules\\sequelize\\src\\model.js:2305:12)\n    at Function.createShortUrl (C:\\projects\\tedd\\src\\services\\urlService.ts:10:22)\n    at create (C:\\projects\\tedd\\src\\controllers\\urlController.ts:14:24)","timestamp":"2024-12-01T18:59:55.435Z"}
{"level":"error","message":"API Error: originalUrl cannot be null","method":"POST","path":"/urls/shorten","statusCode":400,"timestamp":"2024-12-01T19:01:20.114Z"}
{"level":"error","message":"API Error: originalUrl cannot be null","method":"POST","path":"/urls/shorten","statusCode":400,"timestamp":"2024-12-01T19:01:27.839Z"}
{"level":"error","message":"API Error: originalUrl cannot be null","method":"POST","path":"/urls/shorten","statusCode":400,"timestamp":"2024-12-01T19:01:40.986Z"}
{"level":"error","message":"API Error: No token provided","method":"GET","path":"/urls/my-urls","statusCode":401,"timestamp":"2024-12-01T19:03:22.759Z"}
{"level":"error","message":"API Error: Invalid token","method":"PUT","path":"/urls/","statusCode":401,"timestamp":"2024-12-01T19:04:02.961Z"}
{"level":"error","message":"API Error: Invalid token","method":"PUT","path":"/urls/Z6Zy","statusCode":401,"timestamp":"2024-12-01T19:04:08.802Z"}
{"level":"error","message":"API Error: URL not found","method":"PUT","path":"/urls/Z6Zy","statusCode":404,"timestamp":"2024-12-01T19:04:24.081Z"}
{"level":"error","message":"API Error: Invalid token","method":"DELETE","path":"/urls/Z6Zy","statusCode":401,"timestamp":"2024-12-01T19:05:08.311Z"}
{"level":"error","message":"API Error: URL not found","method":"DELETE","path":"/urls/Z6Zy","statusCode":404,"timestamp":"2024-12-01T19:05:28.939Z"}
{"level":"error","message":"API Error: URL not found","method":"GET","path":"/pKs8","statusCode":404,"timestamp":"2024-12-01T19:05:50.994Z"}
{"level":"error","message":"API Error: URL not found","method":"GET","path":"/pKs8","statusCode":404,"timestamp":"2024-12-01T19:06:22.453Z"}
{"level":"error","message":"API Error: URL not found","method":"GET","path":"/xYTL","statusCode":404,"timestamp":"2024-12-01T19:06:45.324Z"}
